<?xml version="1.0" encoding="UTF-8" ?>
<testsuites name="vitest tests" tests="6" failures="0" errors="0" time="53.934">
    <testsuite name="src/Components/test/AppModal.test.tsx" timestamp="2026-06-18T22:10:33.644Z" hostname="DESKTOP-BSPSAAD" tests="6" failures="0" errors="0" skipped="0" time="0.164372">
        <testcase classname="src/Components/test/AppModal.test.tsx" name="AppModal &gt; renders the trigger button with the given label" time="0.0434775">
        </testcase>
        <testcase classname="src/Components/test/AppModal.test.tsx" name="AppModal &gt; does not show modal content before the button is clicked" time="0.0073273">
        </testcase>
        <testcase classname="src/Components/test/AppModal.test.tsx" name="AppModal &gt; shows modal content after the trigger button is clicked" time="0.0445816">
        </testcase>
        <testcase classname="src/Components/test/AppModal.test.tsx" name="AppModal &gt; shows the modal title after opening" time="0.0219972">
        </testcase>
        <testcase classname="src/Components/test/AppModal.test.tsx" name="AppModal &gt; shows a Cancel button inside the open modal" time="0.0195035">
        </testcase>
        <testcase classname="src/Components/test/AppModal.test.tsx" name="AppModal &gt; closes the modal when Cancel is clicked" time="0.0241972">
        </testcase>
    </testsuite>
</testsuites>
